<?xml version="1.0" encoding="UTF-8"?>
<!-- Generated by org.testng.reporters.JUnitReportReporter -->
<testsuite hostname="DESKTOP-PHVKJU7" failures="0" tests="1" name="com.TestRunner.Demo.TestRunnerClass" time="0.000" errors="0" timestamp="07 Oct 2020 01:48:27 GMT" skipped="1">
  <testcase classname="com.TestRunner.Demo.TestRunnerClass" name="feature" time="0.000">
    <skipped/>
  </testcase> <!-- feature -->
</testsuite> <!-- com.TestRunner.Demo.TestRunnerClass -->
