<?xml version="1.0" encoding="UTF-8"?>
<!-- Generated by org.testng.reporters.JUnitReportReporter -->
<testsuite hostname="DESKTOP-PHVKJU7" failures="0" tests="1" name="com.TestRunner.Demo.TestRunnerPage" time="27.856" errors="0" timestamp="18 Oct 2020 01:06:39 GMT" skipped="0">
  <testcase classname="com.TestRunner.Demo.TestRunnerPage" name="feature" time="27.856"/>
</testsuite> <!-- com.TestRunner.Demo.TestRunnerPage -->
